#
# A fatal error has been detected by the Java Runtime Environment:
#
#  SIGSEGV (0xb) at pc=0x0000000123a57381, pid=50810, tid=3335
#
# JRE version: Java(TM) SE Runtime Environment (8.0_25-b17) (build 1.8.0_25-b17)
# Java VM: Java HotSpot(TM) 64-Bit Server VM (25.25-b02 mixed mode bsd-amd64 compressed oops)
# Problematic frame:
# C  [libglass.dylib+0x16381]  GlassScreenDidChangeScreenParameters+0x21
#
# Failed to write core dump. Core dumps have been disabled. To enable core dumping, try "ulimit -c unlimited" before starting Java again
#
# If you would like to submit a bug report, please visit:
#   http://bugreport.sun.com/bugreport/crash.jsp
#

---------------  T H R E A D  ---------------

Current thread is native thread

siginfo: si_signo: 11 (SIGSEGV), si_code: 1 (SEGV_MAPERR), si_addr: 0x0000000000000000

Registers:
RAX=0x0000000123a89d48, RBX=0x0000000000000000, RCX=0xe200b8372f966cc1, RDX=0x00007fff7d295710
RSP=0x00007fff51be17e0, RBP=0x00007fff51be17f0, RSI=0x00007f8cb341dd88, RDI=0x0000000000000000
R8 =0x0000000000000040, R9 =0x00007fff51be1600, R10=0x0000000000000000, R11=0x0000000000000246
R12=0x00000000000f426c, R13=0x00007fff51be19b0, R14=0x00007f8cb348fbd0, R15=0x00007fff51be1920
RIP=0x0000000123a57381, EFLAGS=0x0000000000010246, ERR=0x0000000000000004
  TRAPNO=0x000000000000000e

Top of Stack: (sp=0x00007fff51be17e0)
0x00007fff51be17e0:   00000000000f426c 00007f8cb348fbd0
0x00007fff51be17f0:   00007fff51be1800 00007fff9231ae0c
0x00007fff51be1800:   00007fff51be1b60 00007fff9220e82d
0x00007fff51be1810:   0000000100022068 00007f8cb347e800
0x00007fff51be1820:   0000000000022068 00007fff51be18dc
0x00007fff51be1830:   0000000000000888 00000000000f435a
0x00007fff51be1840:   0000000000000001 00007f8cb348fa30
0x00007fff51be1850:   00007f8cb3562da0 00007f8cb342cb30
0x00007fff51be1860:   00007f8cb58a3120 00007fff51be1920
0x00007fff51be1870:   0000000000000000 00000000000f426c
0x00007fff51be1880:   000000000000005b 00007fff51be19a0
0x00007fff51be1890:   0000000000000000 0000000000000001
0x00007fff51be18a0:   00007f8cb342cb20 0000000000000017
0x00007fff51be18b0:   000000010e034000 0000000000000001
0x00007fff51be18c0:   00007fff51be18f0 00007fff931c9b61
0x00007fff51be18d0:   0000000000000001 0000000000000001
0x00007fff51be18e0:   0000000000000030 0000000000000001
0x00007fff51be18f0:   00007fff51be1910 00007fff931ca2ca
0x00007fff51be1900:   0000000000000003 00007fff8d7406ea
0x00007fff51be1910:   00007fff7ce60ad8 0000000000000000
0x00007fff51be1920:   00007f8cb348fbd0 00007fff7d037778
0x00007fff51be1930:   00007fff51be1950 00007fff922045af
0x00007fff51be1940:   0000000000000001 00007fff7d037778
0x00007fff51be1950:   0000000000000003 000000010e038400
0x00007fff51be1960:   00007fff51be19a0 00007fff931c7272
0x00007fff51be1970:   000000030e037a00 000000010e037a00
0x00007fff51be1980:   000000010e034000 000000010e038400
0x00007fff51be1990:   0000000000000000 0000000000000a00
0x00007fff51be19a0:   0000000000000017 0000000000000000
0x00007fff51be19b0:   00000000000f426c 00007fff51be1b68
0x00007fff51be19c0:   0000000000000a00 0000000000000028
0x00007fff51be19d0:   0000000100012068 00007fff51be1a8c 

Instructions: (pc=0x0000000123a57381)
0x0000000123a57361:   48 89 e5 41 56 53 48 8d 05 d2 2a 03 00 48 83 38
0x0000000123a57371:   00 48 89 fb 75 72 48 8d 05 ca 29 03 00 48 8b 30
0x0000000123a57381:   48 8b 03 48 8d 15 7c 99 01 00 48 8d 0d 5e 6f 01
0x0000000123a57391:   00 48 89 df ff 90 88 03 00 00 48 8d 0d 9e 2a 03 

Register to memory mapping:

RAX=0x0000000123a89d48: jScreenClass+0 in /Library/Java/JavaVirtualMachines/jdk1.8.0_25.jdk/Contents/Home/jre/lib/libglass.dylib at 0x0000000123a41000
RBX=0x0000000000000000 is an unknown value
RCX=0xe200b8372f966cc1 is an unknown value
RDX=0x00007fff7d295710: __sFX+0x1d0 in /usr/lib/system/libsystem_c.dylib at 0x00007fff93419000
RSP=0x00007fff51be17e0 is an unknown value
RBP=0x00007fff51be17f0 is an unknown value
RSI=0x00007f8cb341dd88 is a global jni handle
RDI=0x0000000000000000 is an unknown value
R8 =0x0000000000000040 is an unknown value
R9 =0x00007fff51be1600 is an unknown value
R10=0x0000000000000000 is an unknown value
R11=0x0000000000000246 is an unknown value
R12=0x00000000000f426c is an unknown value
R13=0x00007fff51be19b0 is an unknown value
R14=0x00007f8cb348fbd0 is an unknown value
R15=0x00007fff51be1920 is an unknown value


Stack: [0x00007fff513e5000,0x00007fff51be5000],  sp=0x00007fff51be17e0,  free space=8177k
Native frames: (J=compiled Java code, j=interpreted, Vv=VM code, C=native code)
C  [libglass.dylib+0x16381]  GlassScreenDidChangeScreenParameters+0x21
C  [CoreFoundation+0x11ce0c]  __CFNOTIFICATIONCENTER_IS_CALLING_OUT_TO_AN_OBSERVER__+0xc
C  [CoreFoundation+0x1082d]  _CFXNotificationPost+0xb4d
C  [Foundation+0x2dda]  -[NSNotificationCenter postNotificationName:object:userInfo:]+0x44
C  [AppKit+0x3ba1c3]  -[NSApplication _reactToDisplayChanged:resetScreens:]+0x1ae
C  [AppKit+0x2ef7d1]  _NSCoreDockMessageReceive+0x4be
C  [HIToolbox+0x8984b]  DockCallback(unsigned int, unsigned int, void*, void*)+0x85f
C  [HIServices+0xa23c]  dockClientNotificationProc+0xc9
C  [CoreGraphics+0x7e682]  CGSConnectionNotifier::invoke_callbacks(unsigned int, void*, unsigned long) const+0x264
C  [CoreGraphics+0x7e3b4]  (anonymous namespace)::notify_datagram_handler(unsigned int, CGSDatagramType, void*, unsigned long, void*)+0x6a
C  [CoreGraphics+0x38661]  CGSDatagramReadStream::dispatch_next_main_queue_datagram()+0x11f
C  [CoreGraphics+0x37856]  CGSDatagramReadStream::dispatch_next_datagram()+0x2a
C  [CoreGraphics+0x3781c]  CGSDatagramReadStream::dispatch_datagrams()+0x32
C  [CoreGraphics+0x98cec]  invocation function for block in CGSDatagramReadStream::dispatch_datagrams_async(dispatch_queue_s*, CGSDatagramReadStream*)+0x12
C  [libdispatch.dylib+0x41bb]  _dispatch_call_block_and_release+0xc
C  [libdispatch.dylib+0x128d]  _dispatch_client_callout+0x8
C  [libdispatch.dylib+0x8ef0]  _dispatch_main_queue_callback_4CF+0x14d
C  [CoreFoundation+0xb54f9]  __CFRUNLOOP_IS_SERVICING_THE_MAIN_DISPATCH_QUEUE__+0x9
C  [CoreFoundation+0x70714]  __CFRunLoopRun+0x664
C  [CoreFoundation+0x6fe75]  CFRunLoopRunSpecific+0x135
C  [java+0x56cc]  CreateExecutionEnvironment+0x367
C  [java+0x165c]  JLI_Launch+0x7a0
C  [java+0x768a]  main+0x65
C  [java+0xeb4]  start+0x34


---------------  P R O C E S S  ---------------

VM state:not at safepoint (normal execution)

VM Mutex/Monitor currently owned by a thread: None

Heap:
 PSYoungGen      total 35328K, used 5469K [0x00000007aab00000, 0x00000007ad000000, 0x00000007c0000000)
  eden space 32768K, 16% used [0x00000007aab00000,0x00000007ab057488,0x00000007acb00000)
  from space 2560K, 0% used [0x00000007acd80000,0x00000007acd80000,0x00000007ad000000)
  to   space 2560K, 0% used [0x00000007acb00000,0x00000007acb00000,0x00000007acd80000)
 ParOldGen       total 36864K, used 8888K [0x0000000780000000, 0x0000000782400000, 0x00000007aab00000)
  object space 36864K, 24% used [0x0000000780000000,0x00000007808ae158,0x0000000782400000)
 Metaspace       used 20304K, capacity 21332K, committed 21504K, reserved 1067008K
  class space    used 2866K, capacity 3055K, committed 3072K, reserved 1048576K

Card table byte_map: [0x000000011e9c0000,0x000000011ebc1000] byte_map_base: 0x000000011adc0000

Marking Bits: (ParMarkBitMap*) 0x000000010e9e8390
 Begin Bits: [0x000000011ef1d000, 0x000000011ff1d000)
 End Bits:   [0x000000011ff1d000, 0x0000000120f1d000)

Polling page: 0x000000010f1ac000

CodeCache: size=245760Kb used=9402Kb max_used=9464Kb free=236357Kb
 bounds [0x000000010f600000, 0x000000010ff50000, 0x000000011e600000]
 total_blobs=3813 nmethods=3111 adapters=617
 compilation: enabled

Compilation events (10 events):
Event: 47.810 Thread 0x00007f8cb402e000 3261       4       org.json.JSONObject::numberToString (97 bytes)
Event: 47.846 Thread 0x00007f8cb402e000 nmethod 3261 0x000000010f8d2c10 code [0x000000010f8d2e40, 0x000000010f8d3750]
Event: 47.998 Thread 0x00007f8cb386f800 3262       3       java.util.LinkedList$ListItr::<init> (47 bytes)
Event: 47.998 Thread 0x00007f8cb386f800 nmethod 3262 0x000000010fa361d0 code [0x000000010fa36340, 0x000000010fa365e8]
Event: 48.514 Thread 0x00007f8cb402e000 3263       4       java.lang.Long::<init> (15 bytes)
Event: 48.526 Thread 0x00007f8cb402e000 nmethod 3263 0x000000010ff42d50 code [0x000000010ff42f20, 0x000000010ff435d0]
Event: 48.997 Thread 0x00007f8cb386f800 3264       1       sun.nio.ch.Util::access$000 (4 bytes)
Event: 48.997 Thread 0x00007f8cb386f800 nmethod 3264 0x000000010f9f4650 code [0x000000010f9f47a0, 0x000000010f9f4890]
Event: 49.112 Thread 0x00007f8cb402e000 3265       4       java.lang.Long::toString (8 bytes)
Event: 49.160 Thread 0x00007f8cb402e000 nmethod 3265 0x000000010ff44ad0 code [0x000000010ff44c60, 0x000000010ff45488]

GC Heap History (10 events):
Event: 1.563 GC heap before
{Heap before GC invocations=1 (full 0):
 PSYoungGen      total 18944K, used 16384K [0x00000007aab00000, 0x00000007ac000000, 0x00000007c0000000)
  eden space 16384K, 100% used [0x00000007aab00000,0x00000007abb00000,0x00000007abb00000)
  from space 2560K, 0% used [0x00000007abd80000,0x00000007abd80000,0x00000007ac000000)
  to   space 2560K, 0% used [0x00000007abb00000,0x00000007abb00000,0x00000007abd80000)
 ParOldGen       total 44032K, used 0K [0x0000000780000000, 0x0000000782b00000, 0x00000007aab00000)
  object space 44032K, 0% used [0x0000000780000000,0x0000000780000000,0x0000000782b00000)
 Metaspace       used 8774K, capacity 9024K, committed 9088K, reserved 1056768K
  class space    used 1083K, capacity 1137K, committed 1152K, reserved 1048576K
Event: 1.581 GC heap after
Heap after GC invocations=1 (full 0):
 PSYoungGen      total 18944K, used 2528K [0x00000007aab00000, 0x00000007ad000000, 0x00000007c0000000)
  eden space 16384K, 0% used [0x00000007aab00000,0x00000007aab00000,0x00000007abb00000)
  from space 2560K, 98% used [0x00000007abb00000,0x00000007abd78030,0x00000007abd80000)
  to   space 2560K, 0% used [0x00000007acd80000,0x00000007acd80000,0x00000007ad000000)
 ParOldGen       total 44032K, used 272K [0x0000000780000000, 0x0000000782b00000, 0x00000007aab00000)
  object space 44032K, 0% used [0x0000000780000000,0x0000000780044000,0x0000000782b00000)
 Metaspace       used 8774K, capacity 9024K, committed 9088K, reserved 1056768K
  class space    used 1083K, capacity 1137K, committed 1152K, reserved 1048576K
}
Event: 2.966 GC heap before
{Heap before GC invocations=2 (full 0):
 PSYoungGen      total 18944K, used 18912K [0x00000007aab00000, 0x00000007ad000000, 0x00000007c0000000)
  eden space 16384K, 100% used [0x00000007aab00000,0x00000007abb00000,0x00000007abb00000)
  from space 2560K, 98% used [0x00000007abb00000,0x00000007abd78030,0x00000007abd80000)
  to   space 2560K, 0% used [0x00000007acd80000,0x00000007acd80000,0x00000007ad000000)
 ParOldGen       total 44032K, used 272K [0x0000000780000000, 0x0000000782b00000, 0x00000007aab00000)
  object space 44032K, 0% used [0x0000000780000000,0x0000000780044000,0x0000000782b00000)
 Metaspace       used 13025K, capacity 13382K, committed 13568K, reserved 1060864K
  class space    used 1823K, capacity 1926K, committed 2048K, reserved 1048576K
Event: 2.990 GC heap after
Heap after GC invocations=2 (full 0):
 PSYoungGen      total 35328K, used 2533K [0x00000007aab00000, 0x00000007ad000000, 0x00000007c0000000)
  eden space 32768K, 0% used [0x00000007aab00000,0x00000007aab00000,0x00000007acb00000)
  from space 2560K, 98% used [0x00000007acd80000,0x00000007acff9750,0x00000007ad000000)
  to   space 2560K, 0% used [0x00000007acb00000,0x00000007acb00000,0x00000007acd80000)
 ParOldGen       total 44032K, used 2094K [0x0000000780000000, 0x0000000782b00000, 0x00000007aab00000)
  object space 44032K, 4% used [0x0000000780000000,0x000000078020b898,0x0000000782b00000)
 Metaspace       used 13025K, capacity 13382K, committed 13568K, reserved 1060864K
  class space    used 1823K, capacity 1926K, committed 2048K, reserved 1048576K
}
Event: 29.499 GC heap before
{Heap before GC invocations=3 (full 0):
 PSYoungGen      total 35328K, used 35301K [0x00000007aab00000, 0x00000007ad000000, 0x00000007c0000000)
  eden space 32768K, 100% used [0x00000007aab00000,0x00000007acb00000,0x00000007acb00000)
  from space 2560K, 98% used [0x00000007acd80000,0x00000007acff9750,0x00000007ad000000)
  to   space 2560K, 0% used [0x00000007acb00000,0x00000007acb00000,0x00000007acd80000)
 ParOldGen       total 44032K, used 2094K [0x0000000780000000, 0x0000000782b00000, 0x00000007aab00000)
  object space 44032K, 4% used [0x0000000780000000,0x000000078020b898,0x0000000782b00000)
 Metaspace       used 20066K, capacity 21046K, committed 21248K, reserved 1067008K
  class space    used 2863K, capacity 3050K, committed 3072K, reserved 1048576K
Event: 29.527 GC heap after
Heap after GC invocations=3 (full 0):
 PSYoungGen      total 35328K, used 2528K [0x00000007aab00000, 0x00000007ad000000, 0x00000007c0000000)
  eden space 32768K, 0% used [0x00000007aab00000,0x00000007aab00000,0x00000007acb00000)
  from space 2560K, 98% used [0x00000007acb00000,0x00000007acd78020,0x00000007acd80000)
  to   space 2560K, 0% used [0x00000007acd80000,0x00000007acd80000,0x00000007ad000000)
 ParOldGen       total 44032K, used 7574K [0x0000000780000000, 0x0000000782b00000, 0x00000007aab00000)
  object space 44032K, 17% used [0x0000000780000000,0x00000007807658f8,0x0000000782b00000)
 Metaspace       used 20066K, capacity 21046K, committed 21248K, reserved 1067008K
  class space    used 2863K, capacity 3050K, committed 3072K, reserved 1048576K
}
Event: 35.999 GC heap before
{Heap before GC invocations=4 (full 0):
 PSYoungGen      total 35328K, used 5318K [0x00000007aab00000, 0x00000007ad000000, 0x00000007c0000000)
  eden space 32768K, 8% used [0x00000007aab00000,0x00000007aadb99a8,0x00000007acb00000)
  from space 2560K, 98% used [0x00000007acb00000,0x00000007acd78020,0x00000007acd80000)
  to   space 2560K, 0% used [0x00000007acd80000,0x00000007acd80000,0x00000007ad000000)
 ParOldGen       total 44032K, used 7574K [0x0000000780000000, 0x0000000782b00000, 0x00000007aab00000)
  object space 44032K, 17% used [0x0000000780000000,0x00000007807658f8,0x0000000782b00000)
 Metaspace       used 20165K, capacity 21178K, committed 21248K, reserved 1067008K
  class space    used 2863K, capacity 3050K, committed 3072K, reserved 1048576K
Event: 36.014 GC heap after
Heap after GC invocations=4 (full 0):
 PSYoungGen      total 35328K, used 2544K [0x00000007aab00000, 0x00000007ad000000, 0x00000007c0000000)
  eden space 32768K, 0% used [0x00000007aab00000,0x00000007aab00000,0x00000007acb00000)
  from space 2560K, 99% used [0x00000007acd80000,0x00000007acffc030,0x00000007ad000000)
  to   space 2560K, 0% used [0x00000007acb00000,0x00000007acb00000,0x00000007acd80000)
 ParOldGen       total 44032K, used 7574K [0x0000000780000000, 0x0000000782b00000, 0x00000007aab00000)
  object space 44032K, 17% used [0x0000000780000000,0x00000007807658f8,0x0000000782b00000)
 Metaspace       used 20165K, capacity 21178K, committed 21248K, reserved 1067008K
  class space    used 2863K, capacity 3050K, committed 3072K, reserved 1048576K
}
Event: 36.014 GC heap before
{Heap before GC invocations=5 (full 1):
 PSYoungGen      total 35328K, used 2544K [0x00000007aab00000, 0x00000007ad000000, 0x00000007c0000000)
  eden space 32768K, 0% used [0x00000007aab00000,0x00000007aab00000,0x00000007acb00000)
  from space 2560K, 99% used [0x00000007acd80000,0x00000007acffc030,0x00000007ad000000)
  to   space 2560K, 0% used [0x00000007acb00000,0x00000007acb00000,0x00000007acd80000)
 ParOldGen       total 44032K, used 7574K [0x0000000780000000, 0x0000000782b00000, 0x00000007aab00000)
  object space 44032K, 17% used [0x0000000780000000,0x00000007807658f8,0x0000000782b00000)
 Metaspace       used 20165K, capacity 21178K, committed 21248K, reserved 1067008K
  class space    used 2863K, capacity 3050K, committed 3072K, reserved 1048576K
Event: 36.147 GC heap after
Heap after GC invocations=5 (full 1):
 PSYoungGen      total 35328K, used 0K [0x00000007aab00000, 0x00000007ad000000, 0x00000007c0000000)
  eden space 32768K, 0% used [0x00000007aab00000,0x00000007aab00000,0x00000007acb00000)
  from space 2560K, 0% used [0x00000007acd80000,0x00000007acd80000,0x00000007ad000000)
  to   space 2560K, 0% used [0x00000007acb00000,0x00000007acb00000,0x00000007acd80000)
 ParOldGen       total 36864K, used 8888K [0x0000000780000000, 0x0000000782400000, 0x00000007aab00000)
  object space 36864K, 24% used [0x0000000780000000,0x00000007808ae158,0x0000000782400000)
 Metaspace       used 20164K, capacity 21176K, committed 21248K, reserved 1067008K
  class space    used 2862K, capacity 3049K, committed 3072K, reserved 1048576K
}

Deoptimization events (10 events):
Event: 16.950 Thread 0x00007f8cb42fc800 Uncommon trap: reason=class_check action=maybe_recompile pc=0x000000010f955d34 method=com.sun.javafx.css.parser.CSSLexer.readChar()I @ 4
Event: 16.951 Thread 0x00007f8cb42fc800 Uncommon trap: reason=class_check action=maybe_recompile pc=0x000000010f9597f4 method=com.sun.javafx.css.parser.CSSLexer.readChar()I @ 4
Event: 16.951 Thread 0x00007f8cb42fc800 Uncommon trap: reason=class_check action=maybe_recompile pc=0x000000010f9597f4 method=com.sun.javafx.css.parser.CSSLexer.readChar()I @ 4
Event: 16.951 Thread 0x00007f8cb42fc800 Uncommon trap: reason=class_check action=maybe_recompile pc=0x000000010f959610 method=com.sun.javafx.css.parser.CSSLexer.readChar()I @ 4
Event: 16.951 Thread 0x00007f8cb42fc800 Uncommon trap: reason=class_check action=maybe_recompile pc=0x000000010f955d34 method=com.sun.javafx.css.parser.CSSLexer.readChar()I @ 4
Event: 16.981 Thread 0x00007f8cb42de000 Uncommon trap: reason=class_check action=maybe_recompile pc=0x000000010f9f89f4 method=java.util.HashMap.putVal(ILjava/lang/Object;Ljava/lang/Object;ZZ)Ljava/lang/Object; @ 253
Event: 18.035 Thread 0x00007f8cb42fc800 Uncommon trap: reason=array_check action=maybe_recompile pc=0x000000010fc64a04 method=com.sun.javafx.css.SimpleSelector.applies(Ljavafx/css/Styleable;[Ljava/util/Set;I)Z @ 37
Event: 18.035 Thread 0x00007f8cb42fc800 Uncommon trap: reason=array_check action=maybe_recompile pc=0x000000010fc64a04 method=com.sun.javafx.css.SimpleSelector.applies(Ljavafx/css/Styleable;[Ljava/util/Set;I)Z @ 37
Event: 18.035 Thread 0x00007f8cb42fc800 Uncommon trap: reason=array_check action=maybe_recompile pc=0x000000010fc64a04 method=com.sun.javafx.css.SimpleSelector.applies(Ljavafx/css/Styleable;[Ljava/util/Set;I)Z @ 37
Event: 18.035 Thread 0x00007f8cb42fc800 Uncommon trap: reason=array_check action=maybe_recompile pc=0x000000010fc64a04 method=com.sun.javafx.css.SimpleSelector.applies(Ljavafx/css/Styleable;[Ljava/util/Set;I)Z @ 37

Internal exceptions (10 events):
Event: 17.909 Thread 0x00007f8cb42fc800 Exception <a 'java/security/PrivilegedActionException'> (0x00000007ac2da3d0) thrown at [/HUDSON3/workspace/8-2-build-macosx-x86_64/jdk8u25/1514/hotspot/src/share/vm/prims/jvm.cpp, line 1312]
Event: 17.909 Thread 0x00007f8cb42fc800 Exception <a 'java/security/PrivilegedActionException'> (0x00000007ac2df758) thrown at [/HUDSON3/workspace/8-2-build-macosx-x86_64/jdk8u25/1514/hotspot/src/share/vm/prims/jvm.cpp, line 1312]
Event: 17.910 Thread 0x00007f8cb42fc800 Exception <a 'java/security/PrivilegedActionException'> (0x00000007ac2e4ae0) thrown at [/HUDSON3/workspace/8-2-build-macosx-x86_64/jdk8u25/1514/hotspot/src/share/vm/prims/jvm.cpp, line 1312]
Event: 17.958 Thread 0x00007f8cb42fc800 Exception <a 'java/security/PrivilegedActionException'> (0x00000007ac463860) thrown at [/HUDSON3/workspace/8-2-build-macosx-x86_64/jdk8u25/1514/hotspot/src/share/vm/prims/jvm.cpp, line 1312]
Event: 17.958 Thread 0x00007f8cb42fc800 Exception <a 'java/security/PrivilegedActionException'> (0x00000007ac4654c0) thrown at [/HUDSON3/workspace/8-2-build-macosx-x86_64/jdk8u25/1514/hotspot/src/share/vm/prims/jvm.cpp, line 1312]
Event: 17.976 Thread 0x00007f8cb42fc800 Exception <a 'java/security/PrivilegedActionException'> (0x00000007ac47f148) thrown at [/HUDSON3/workspace/8-2-build-macosx-x86_64/jdk8u25/1514/hotspot/src/share/vm/prims/jvm.cpp, line 1312]
Event: 17.994 Thread 0x00007f8cb42fc800 Exception <a 'java/security/PrivilegedActionException'> (0x00000007ac49a438) thrown at [/HUDSON3/workspace/8-2-build-macosx-x86_64/jdk8u25/1514/hotspot/src/share/vm/prims/jvm.cpp, line 1312]
Event: 17.994 Thread 0x00007f8cb42fc800 Exception <a 'java/security/PrivilegedActionException'> (0x00000007ac49b3f8) thrown at [/HUDSON3/workspace/8-2-build-macosx-x86_64/jdk8u25/1514/hotspot/src/share/vm/prims/jvm.cpp, line 1312]
Event: 18.016 Thread 0x00007f8cb42fc800 Exception <a 'java/security/PrivilegedActionException'> (0x00000007ac4f4bb8) thrown at [/HUDSON3/workspace/8-2-build-macosx-x86_64/jdk8u25/1514/hotspot/src/share/vm/prims/jvm.cpp, line 1312]
Event: 18.028 Thread 0x00007f8cb42fc800 Exception <a 'java/security/PrivilegedActionException'> (0x00000007ac54fc68) thrown at [/HUDSON3/workspace/8-2-build-macosx-x86_64/jdk8u25/1514/hotspot/src/share/vm/prims/jvm.cpp, line 1312]

Events (10 events):
Event: 45.700 Thread 0x00007f8cb386f800 flushing nmethod 0x000000010fa10810
Event: 45.700 Thread 0x00007f8cb386f800 flushing nmethod 0x000000010fa11910
Event: 45.700 Thread 0x00007f8cb386f800 flushing nmethod 0x000000010fa14d90
Event: 45.700 Thread 0x00007f8cb386f800 flushing nmethod 0x000000010fa26750
Event: 45.700 Thread 0x00007f8cb386f800 flushing nmethod 0x000000010fa283d0
Event: 45.700 Thread 0x00007f8cb386f800 flushing nmethod 0x000000010fa2e8d0
Event: 45.700 Thread 0x00007f8cb386f800 flushing nmethod 0x000000010fa36090
Event: 45.700 Thread 0x00007f8cb386f800 flushing nmethod 0x000000010fa363d0
Event: 45.700 Thread 0x00007f8cb386f800 flushing nmethod 0x000000010fa522d0
Event: 47.846 Thread 0x00007f8cb402e000 flushing nmethod 0x000000010fa5b290


Dynamic libraries:
0x000000000b937000 	/System/Library/Frameworks/Cocoa.framework/Versions/A/Cocoa
0x000000000b937000 	/System/Library/Frameworks/Security.framework/Versions/A/Security
0x000000000b937000 	/System/Library/Frameworks/ApplicationServices.framework/Versions/A/ApplicationServices
0x000000000b937000 	/usr/lib/libz.1.dylib
0x000000000b937000 	/usr/lib/libSystem.B.dylib
0x000000000b937000 	/usr/lib/libobjc.A.dylib
0x000000000b937000 	/System/Library/Frameworks/CoreFoundation.framework/Versions/A/CoreFoundation
0x000000000b937000 	/System/Library/Frameworks/Foundation.framework/Versions/C/Foundation
0x000000000b937000 	/System/Library/Frameworks/AppKit.framework/Versions/C/AppKit
0x000000000b937000 	/System/Library/Frameworks/CoreData.framework/Versions/A/CoreData
0x000000000b937000 	/System/Library/PrivateFrameworks/RemoteViewServices.framework/Versions/A/RemoteViewServices
0x000000000b937000 	/System/Library/Frameworks/AudioToolbox.framework/Versions/A/AudioToolbox
0x000000000b937000 	/System/Library/Frameworks/AudioUnit.framework/Versions/A/AudioUnit
0x000000000b937000 	/System/Library/PrivateFrameworks/DataDetectorsCore.framework/Versions/A/DataDetectorsCore
0x000000000b937000 	/System/Library/PrivateFrameworks/DesktopServicesPriv.framework/Versions/A/DesktopServicesPriv
0x000000000b937000 	/System/Library/Frameworks/Carbon.framework/Versions/A/Frameworks/HIToolbox.framework/Versions/A/HIToolbox
0x000000000b937000 	/System/Library/Frameworks/QuartzCore.framework/Versions/A/QuartzCore
0x000000000b937000 	/System/Library/Frameworks/Carbon.framework/Versions/A/Frameworks/SpeechRecognition.framework/Versions/A/SpeechRecognition
0x000000000b937000 	/usr/lib/libauto.dylib
0x000000000b937000 	/usr/lib/libicucore.A.dylib
0x000000000b937000 	/usr/lib/libxml2.2.dylib
0x000000000b937000 	/System/Library/PrivateFrameworks/CoreUI.framework/Versions/A/CoreUI
0x000000000b937000 	/System/Library/Frameworks/CoreAudio.framework/Versions/A/CoreAudio
0x000000000b937000 	/System/Library/Frameworks/DiskArbitration.framework/Versions/A/DiskArbitration
0x000000000b937000 	/usr/lib/liblangid.dylib
0x000000000b937000 	/System/Library/PrivateFrameworks/MultitouchSupport.framework/Versions/A/MultitouchSupport
0x000000000b937000 	/System/Library/Frameworks/IOKit.framework/Versions/A/IOKit
0x000000000b937000 	/usr/lib/libDiagnosticMessagesClient.dylib
0x000000000b937000 	/System/Library/Frameworks/CoreServices.framework/Versions/A/CoreServices
0x000000000b937000 	/System/Library/PrivateFrameworks/PerformanceAnalysis.framework/Versions/A/PerformanceAnalysis
0x000000000b937000 	/System/Library/PrivateFrameworks/GenerationalStorage.framework/Versions/A/GenerationalStorage
0x000000000b937000 	/System/Library/Frameworks/OpenGL.framework/Versions/A/OpenGL
0x000000000b937000 	/System/Library/PrivateFrameworks/Sharing.framework/Versions/A/Sharing
0x000000000b937000 	/System/Library/Frameworks/ImageIO.framework/Versions/A/ImageIO
0x000000000b937000 	/System/Library/Frameworks/CoreText.framework/Versions/A/CoreText
0x000000000b937000 	/System/Library/Frameworks/CoreGraphics.framework/Versions/A/CoreGraphics
0x000000000b937000 	/System/Library/PrivateFrameworks/Backup.framework/Versions/A/Backup
0x000000000b937000 	/System/Library/Frameworks/CFNetwork.framework/Versions/A/CFNetwork
0x000000000b937000 	/System/Library/Frameworks/SystemConfiguration.framework/Versions/A/SystemConfiguration
0x000000000b937000 	/usr/lib/libCRFSuite.dylib
0x000000000b937000 	/usr/lib/libc++.1.dylib
0x000000000b937000 	/usr/lib/libc++abi.dylib
0x000000000b937000 	/usr/lib/system/libcache.dylib
0x000000000b937000 	/usr/lib/system/libcommonCrypto.dylib
0x000000000b937000 	/usr/lib/system/libcompiler_rt.dylib
0x000000000b937000 	/usr/lib/system/libcopyfile.dylib
0x000000000b937000 	/usr/lib/system/libcorecrypto.dylib
0x000000000b937000 	/usr/lib/system/libdispatch.dylib
0x000000000b937000 	/usr/lib/system/libdyld.dylib
0x000000000b937000 	/usr/lib/system/libkeymgr.dylib
0x000000000b937000 	/usr/lib/system/liblaunch.dylib
0x000000000b937000 	/usr/lib/system/libmacho.dylib
0x000000000b937000 	/usr/lib/system/libquarantine.dylib
0x000000000b937000 	/usr/lib/system/libremovefile.dylib
0x000000000b937000 	/usr/lib/system/libsystem_asl.dylib
0x000000000b937000 	/usr/lib/system/libsystem_blocks.dylib
0x000000000b937000 	/usr/lib/system/libsystem_c.dylib
0x000000000b937000 	/usr/lib/system/libsystem_configuration.dylib
0x000000000b937000 	/usr/lib/system/libsystem_dnssd.dylib
0x000000000b937000 	/usr/lib/system/libsystem_info.dylib
0x000000000b937000 	/usr/lib/system/libsystem_kernel.dylib
0x000000000b937000 	/usr/lib/system/libsystem_m.dylib
0x000000000b937000 	/usr/lib/system/libsystem_malloc.dylib
0x000000000b937000 	/usr/lib/system/libsystem_network.dylib
0x000000000b937000 	/usr/lib/system/libsystem_notify.dylib
0x000000000b937000 	/usr/lib/system/libsystem_platform.dylib
0x000000000b937000 	/usr/lib/system/libsystem_pthread.dylib
0x000000000b937000 	/usr/lib/system/libsystem_sandbox.dylib
0x000000000b937000 	/usr/lib/system/libsystem_stats.dylib
0x000000000b937000 	/usr/lib/system/libunc.dylib
0x000000000b937000 	/usr/lib/system/libunwind.dylib
0x000000000b937000 	/usr/lib/system/libxpc.dylib
0x000000000b937000 	/usr/lib/libbsm.0.dylib
0x000000000b937000 	/usr/lib/libsqlite3.dylib
0x000000000b937000 	/usr/lib/libxar.1.dylib
0x000000000b937000 	/usr/lib/libpam.2.dylib
0x000000000b937000 	/usr/lib/libOpenScriptingUtil.dylib
0x000000000b937000 	/usr/lib/libbz2.1.0.dylib
0x000000000b937000 	/System/Library/Frameworks/CoreServices.framework/Versions/A/Frameworks/CarbonCore.framework/Versions/A/CarbonCore
0x000000000b937000 	/System/Library/Frameworks/CoreServices.framework/Versions/A/Frameworks/Metadata.framework/Versions/A/Metadata
0x000000000b937000 	/System/Library/Frameworks/CoreServices.framework/Versions/A/Frameworks/OSServices.framework/Versions/A/OSServices
0x000000000b937000 	/System/Library/Frameworks/CoreServices.framework/Versions/A/Frameworks/SearchKit.framework/Versions/A/SearchKit
0x000000000b937000 	/System/Library/Frameworks/CoreServices.framework/Versions/A/Frameworks/AE.framework/Versions/A/AE
0x000000000b937000 	/System/Library/Frameworks/CoreServices.framework/Versions/A/Frameworks/LaunchServices.framework/Versions/A/LaunchServices
0x000000000b937000 	/System/Library/Frameworks/CoreServices.framework/Versions/A/Frameworks/DictionaryServices.framework/Versions/A/DictionaryServices
0x000000000b937000 	/System/Library/Frameworks/NetFS.framework/Versions/A/NetFS
0x000000000b937000 	/usr/lib/system/libkxld.dylib
0x000000000b937000 	/System/Library/PrivateFrameworks/NetAuth.framework/Versions/A/NetAuth
0x000000000b937000 	/System/Library/PrivateFrameworks/TCC.framework/Versions/A/TCC
0x000000000b937000 	/System/Library/Frameworks/OpenDirectory.framework/Versions/A/Frameworks/CFOpenDirectory.framework/Versions/A/CFOpenDirectory
0x000000000b937000 	/System/Library/Frameworks/ServiceManagement.framework/Versions/A/ServiceManagement
0x000000000b937000 	/usr/lib/libxslt.1.dylib
0x000000000b937000 	/System/Library/Frameworks/Carbon.framework/Versions/A/Frameworks/Ink.framework/Versions/A/Ink
0x000000000b937000 	/System/Library/Frameworks/ApplicationServices.framework/Versions/A/Frameworks/ATS.framework/Versions/A/ATS
0x000000000b937000 	/System/Library/Frameworks/ApplicationServices.framework/Versions/A/Frameworks/ColorSync.framework/Versions/A/ColorSync
0x000000000b937000 	/System/Library/Frameworks/ApplicationServices.framework/Versions/A/Frameworks/HIServices.framework/Versions/A/HIServices
0x000000000b937000 	/System/Library/Frameworks/ApplicationServices.framework/Versions/A/Frameworks/LangAnalysis.framework/Versions/A/LangAnalysis
0x000000000b937000 	/System/Library/Frameworks/ApplicationServices.framework/Versions/A/Frameworks/PrintCore.framework/Versions/A/PrintCore
0x000000000b937000 	/System/Library/Frameworks/ApplicationServices.framework/Versions/A/Frameworks/QD.framework/Versions/A/QD
0x000000000b937000 	/System/Library/Frameworks/ApplicationServices.framework/Versions/A/Frameworks/SpeechSynthesis.framework/Versions/A/SpeechSynthesis
0x000000000b937000 	/System/Library/Frameworks/IOSurface.framework/Versions/A/IOSurface
0x000000000b937000 	/System/Library/Frameworks/Accelerate.framework/Versions/A/Accelerate
0x000000000b937000 	/System/Library/Frameworks/Accelerate.framework/Versions/A/Frameworks/vImage.framework/Versions/A/vImage
0x000000000b937000 	/System/Library/Frameworks/Accelerate.framework/Versions/A/Frameworks/vecLib.framework/Versions/A/vecLib
0x000000000b937000 	/System/Library/Frameworks/Accelerate.framework/Versions/A/Frameworks/vecLib.framework/Versions/A/libvDSP.dylib
0x000000000b937000 	/System/Library/Frameworks/Accelerate.framework/Versions/A/Frameworks/vecLib.framework/Versions/A/libvMisc.dylib
0x000000000b937000 	/System/Library/Frameworks/Accelerate.framework/Versions/A/Frameworks/vecLib.framework/Versions/A/libLAPACK.dylib
0x000000000b937000 	/System/Library/Frameworks/Accelerate.framework/Versions/A/Frameworks/vecLib.framework/Versions/A/libBLAS.dylib
0x000000000b937000 	/System/Library/Frameworks/ApplicationServices.framework/Versions/A/Frameworks/ATS.framework/Versions/A/Resources/libFontParser.dylib
0x000000000b937000 	/System/Library/Frameworks/ApplicationServices.framework/Versions/A/Frameworks/ATS.framework/Versions/A/Resources/libFontRegistry.dylib
0x000000000b937000 	/System/Library/Frameworks/ImageIO.framework/Versions/A/Resources/libJPEG.dylib
0x000000000b937000 	/System/Library/Frameworks/ImageIO.framework/Versions/A/Resources/libTIFF.dylib
0x000000000b937000 	/System/Library/Frameworks/ImageIO.framework/Versions/A/Resources/libPng.dylib
0x000000000b937000 	/System/Library/Frameworks/ImageIO.framework/Versions/A/Resources/libGIF.dylib
0x000000000b937000 	/System/Library/Frameworks/ImageIO.framework/Versions/A/Resources/libJP2.dylib
0x000000000b937000 	/System/Library/Frameworks/ImageIO.framework/Versions/A/Resources/libRadiance.dylib
0x000000000b937000 	/usr/lib/libcups.2.dylib
0x000000000b937000 	/System/Library/Frameworks/Kerberos.framework/Versions/A/Kerberos
0x000000000b937000 	/System/Library/Frameworks/GSS.framework/Versions/A/GSS
0x000000000b937000 	/usr/lib/libresolv.9.dylib
0x000000000b937000 	/usr/lib/libiconv.2.dylib
0x000000000b937000 	/System/Library/PrivateFrameworks/Heimdal.framework/Versions/A/Heimdal
0x000000000b937000 	/System/Library/PrivateFrameworks/TrustEvaluationAgent.framework/Versions/A/TrustEvaluationAgent
0x000000000b937000 	/usr/lib/libheimdal-asn1.dylib
0x000000000b937000 	/System/Library/Frameworks/OpenDirectory.framework/Versions/A/OpenDirectory
0x000000000b937000 	/System/Library/PrivateFrameworks/CommonAuth.framework/Versions/A/CommonAuth
0x000000000b937000 	/System/Library/Frameworks/SecurityFoundation.framework/Versions/A/SecurityFoundation
0x000000000b937000 	/System/Library/PrivateFrameworks/Bom.framework/Versions/A/Bom
0x000000000b937000 	/System/Library/Frameworks/CoreVideo.framework/Versions/A/CoreVideo
0x000000000b937000 	/System/Library/Frameworks/QuartzCore.framework/Versions/A/Frameworks/CoreImage.framework/Versions/A/CoreImage
0x000000000b937000 	/System/Library/Frameworks/QuartzCore.framework/Versions/A/Frameworks/ScalableUserInterface.framework/Versions/A/ScalableUserInterface
0x000000000b937000 	/System/Library/Frameworks/OpenGL.framework/Versions/A/Libraries/libGLU.dylib
0x000000000b937000 	/System/Library/Frameworks/OpenGL.framework/Versions/A/Libraries/libGFXShared.dylib
0x000000000b937000 	/System/Library/Frameworks/OpenGL.framework/Versions/A/Libraries/libGL.dylib
0x000000000b937000 	/System/Library/Frameworks/OpenGL.framework/Versions/A/Libraries/libGLImage.dylib
0x000000000b937000 	/System/Library/Frameworks/OpenGL.framework/Versions/A/Libraries/libCVMSPluginSupport.dylib
0x000000000b937000 	/System/Library/Frameworks/OpenGL.framework/Versions/A/Libraries/libCoreVMClient.dylib
0x000000000b937000 	/System/Library/PrivateFrameworks/FaceCore.framework/Versions/A/FaceCore
0x000000000b937000 	/System/Library/PrivateFrameworks/CrashReporterSupport.framework/Versions/A/CrashReporterSupport
0x000000000b937000 	/System/Library/Frameworks/OpenCL.framework/Versions/A/OpenCL
0x000000000b937000 	/System/Library/PrivateFrameworks/AppleFSCompression.framework/Versions/A/AppleFSCompression
0x000000000b937000 	/System/Library/PrivateFrameworks/Ubiquity.framework/Versions/A/Ubiquity
0x000000000b937000 	/System/Library/PrivateFrameworks/IconServices.framework/Versions/A/IconServices
0x000000000b937000 	/System/Library/PrivateFrameworks/ChunkingLibrary.framework/Versions/A/ChunkingLibrary
0x000000000b937000 	/System/Library/PrivateFrameworks/CoreSymbolication.framework/Versions/A/CoreSymbolication
0x000000000b937000 	/System/Library/PrivateFrameworks/Symbolication.framework/Versions/A/Symbolication
0x000000000b937000 	/System/Library/PrivateFrameworks/DebugSymbols.framework/Versions/A/DebugSymbols
0x000000010e14b000 	/Library/Java/JavaVirtualMachines/jdk1.8.0_25.jdk/Contents/Home/jre/lib/server/libjvm.dylib
0x000000000b937000 	/usr/lib/libstdc++.6.dylib
0x000000010f16a000 	/Library/Java/JavaVirtualMachines/jdk1.8.0_25.jdk/Contents/Home/jre/lib/libverify.dylib
0x000000010f178000 	/Library/Java/JavaVirtualMachines/jdk1.8.0_25.jdk/Contents/Home/jre/lib/libjava.dylib
0x000000010f1cc000 	/Library/Java/JavaVirtualMachines/jdk1.8.0_25.jdk/Contents/Home/jre/lib/libzip.dylib
0x0000000122889000 	/System/Library/Frameworks/JavaVM.framework/Frameworks/JavaRuntimeSupport.framework/JavaRuntimeSupport
0x000000010f1e9000 	/System/Library/Frameworks/JavaVM.framework/Versions/A/Frameworks/JavaNativeFoundation.framework/Versions/A/JavaNativeFoundation
0x00000001228a1000 	/System/Library/Frameworks/JavaVM.framework/Versions/A/JavaVM
0x000000000b937000 	/System/Library/Frameworks/Carbon.framework/Versions/A/Carbon
0x00000001228ae000 	/System/Library/PrivateFrameworks/JavaLaunching.framework/Versions/A/JavaLaunching
0x000000000b937000 	/System/Library/Frameworks/Carbon.framework/Versions/A/Frameworks/CommonPanels.framework/Versions/A/CommonPanels
0x000000000b937000 	/System/Library/Frameworks/Carbon.framework/Versions/A/Frameworks/Help.framework/Versions/A/Help
0x000000000b937000 	/System/Library/Frameworks/Carbon.framework/Versions/A/Frameworks/ImageCapture.framework/Versions/A/ImageCapture
0x000000000b937000 	/System/Library/Frameworks/Carbon.framework/Versions/A/Frameworks/OpenScripting.framework/Versions/A/OpenScripting
0x000000000b937000 	/System/Library/Frameworks/Carbon.framework/Versions/A/Frameworks/Print.framework/Versions/A/Print
0x000000000b937000 	/System/Library/Frameworks/Carbon.framework/Versions/A/Frameworks/SecurityHI.framework/Versions/A/SecurityHI
0x00000001230ac000 	/Library/Java/JavaVirtualMachines/jdk1.8.0_25.jdk/Contents/Home/jre/lib/libprism_es2.dylib
0x000000000b937000 	/System/Library/Frameworks/OpenGL.framework/Versions/A/Resources/GLEngine.bundle/GLEngine
0x000000000b937000 	/System/Library/Frameworks/OpenGL.framework/Versions/A/Libraries/libGLProgrammability.dylib
0x0000000000000000 	/System/Library/Extensions/GeForceTeslaGLDriver.bundle/Contents/MacOS/GeForceTeslaGLDriver
0x0000000123105000 	/System/Library/Extensions/GeForceTeslaGLDriver.bundle/Contents/MacOS/libclh.dylib
0x00000001238f3000 	/System/Library/PrivateFrameworks/GPUSupport.framework/Versions/A/Libraries/libGPUSupport.dylib
0x000000000b937000 	/System/Library/Frameworks/OpenGL.framework/Versions/A/Resources/GLRendererFloat.bundle/GLRendererFloat
0x000000000b937000 	/System/Library/Frameworks/OpenCL.framework/Versions/A/Libraries/libcldcpuengine.dylib
0x000000000b937000 	/System/Library/PrivateFrameworks/DiskImages.framework/Versions/A/DiskImages
0x000000000b937000 	/System/Library/Frameworks/DiscRecording.framework/Versions/A/DiscRecording
0x000000000b937000 	/usr/lib/libcsfde.dylib
0x000000000b937000 	/usr/lib/libcurl.4.dylib
0x000000000b937000 	/System/Library/PrivateFrameworks/MediaKit.framework/Versions/A/MediaKit
0x000000000b937000 	/usr/lib/libCoreStorage.dylib
0x000000000b937000 	/System/Library/PrivateFrameworks/EFILogin.framework/Versions/A/EFILogin
0x000000000b937000 	/usr/lib/libutil.dylib
0x000000000b937000 	/System/Library/PrivateFrameworks/AOSNotification.framework/Versions/A/AOSNotification
0x000000000b937000 	/System/Library/Frameworks/LDAP.framework/Versions/A/LDAP
0x000000000b937000 	/usr/lib/libsasl2.2.dylib
0x000000000b937000 	/usr/lib/libcrypto.0.9.8.dylib
0x000000000b937000 	/usr/lib/libssl.0.9.8.dylib
0x0000000123a41000 	/Library/Java/JavaVirtualMachines/jdk1.8.0_25.jdk/Contents/Home/jre/lib/libglass.dylib
0x000000000b937000 	/System/Library/PrivateFrameworks/CoreServicesInternal.framework/Versions/A/CoreServicesInternal
0x000000000b937000 	/System/Library/PrivateFrameworks/Librarian.framework/Versions/A/Librarian
0x000000000b937000 	/System/Library/CoreServices/RawCamera.bundle/Contents/MacOS/RawCamera
0x000000012523f000 	/System/Library/Frameworks/CoreGraphics.framework/Versions/A/Resources/libCGCMS.A.dylib
0x0000000125351000 	/System/Library/Frameworks/CoreGraphics.framework/Versions/A/Resources/libRIP.A.dylib
0x000000000b937000 	/System/Library/PrivateFrameworks/FamilyControls.framework/Versions/A/FamilyControls
0x000000000b937000 	/System/Library/PrivateFrameworks/CommerceKit.framework/Versions/A/Frameworks/CommerceCore.framework/Versions/A/CommerceCore
0x000000000b937000 	/System/Library/PrivateFrameworks/SystemAdministration.framework/Versions/A/SystemAdministration
0x000000000b937000 	/System/Library/Frameworks/DirectoryService.framework/Versions/A/DirectoryService
0x000000000b937000 	/System/Library/PrivateFrameworks/LoginUIKit.framework/Versions/A/Frameworks/LoginUICore.framework/Versions/A/LoginUICore
0x000000000b937000 	/usr/lib/libodfde.dylib
0x0000000127388000 	/Library/Java/JavaVirtualMachines/jdk1.8.0_25.jdk/Contents/Home/jre/lib/libjavafx_font.dylib
0x0000000127393000 	/System/Library/Frameworks/CoreGraphics.framework/Versions/A/Resources/libCGXType.A.dylib
0x000000012714a000 	cl_kernels
0x000000012997a000 	/System/Library/Frameworks/OpenCL.framework/Versions/A/Libraries/ImageFormats/unorm8_bgra.dylib
0x0000000127150000 	cl_kernels
0x000000012d1b2000 	/Library/Java/JavaVirtualMachines/jdk1.8.0_25.jdk/Contents/Home/jre/lib/libprism_common.dylib
0x00000001228c3000 	/Library/Java/JavaVirtualMachines/jdk1.8.0_25.jdk/Contents/Home/jre/lib/libnet.dylib
0x00000001228da000 	/Library/Java/JavaVirtualMachines/jdk1.8.0_25.jdk/Contents/Home/jre/lib/libnio.dylib

VM Arguments:
jvm_args: -Dfile.encoding=UTF-8 
java_command: /Users/ben/code/willitlaunch-java/WillItLaunch/dist/run1356577069/WillItLaunch.jar
java_class_path (initial): /Users/ben/code/willitlaunch-java/WillItLaunch/dist/run1356577069/WillItLaunch.jar
Launcher Type: SUN_STANDARD

Environment Variables:
PATH=/usr/bin:/bin:/usr/sbin:/sbin
LD_LIBRARY_PATH=/Library/Java/JavaVirtualMachines/jdk1.8.0_25.jdk/Contents/Home/jre/lib/amd64:/Library/Java/JavaVirtualMachines/jdk1.8.0_25.jdk/Contents/Home/jre/lib/i386:
SHELL=/bin/bash
DISPLAY=/tmp/launch-zI6CUq/org.macosforge.xquartz:0
DYLD_LIBRARY_PATH=/Applications/NetBeans/NetBeans 8.0.app/Contents/Resources/NetBeans/webcommon/bin:

Signal Handlers:
SIGSEGV: [libjvm.dylib+0x579dc7], sa_mask[0]=11111111011111110111111111111111, sa_flags=SA_ONSTACK|SA_RESTART|SA_SIGINFO
SIGBUS: [libjvm.dylib+0x579dc7], sa_mask[0]=11111111011111110111111111111111, sa_flags=SA_RESTART|SA_SIGINFO
SIGFPE: [libjvm.dylib+0x45b030], sa_mask[0]=11111111011111110111111111111111, sa_flags=SA_RESTART|SA_SIGINFO
SIGPIPE: [libjvm.dylib+0x45b030], sa_mask[0]=11111111011111110111111111111111, sa_flags=SA_RESTART|SA_SIGINFO
SIGXFSZ: [libjvm.dylib+0x45b030], sa_mask[0]=11111111011111110111111111111111, sa_flags=SA_RESTART|SA_SIGINFO
SIGILL: [libjvm.dylib+0x45b030], sa_mask[0]=11111111011111110111111111111111, sa_flags=SA_RESTART|SA_SIGINFO
SIGUSR1: SIG_DFL, sa_mask[0]=00000000000000000000000000000000, sa_flags=SA_RESTART
SIGUSR2: [libjvm.dylib+0x45ab4e], sa_mask[0]=00100000000000000000000000000000, sa_flags=SA_RESTART|SA_SIGINFO
SIGHUP: [libjvm.dylib+0x459121], sa_mask[0]=11111111011111110111111111111111, sa_flags=SA_RESTART|SA_SIGINFO
SIGINT: SIG_IGN, sa_mask[0]=00000000000000000000000000000000, sa_flags=none
SIGTERM: [libjvm.dylib+0x459121], sa_mask[0]=11111111011111110111111111111111, sa_flags=SA_RESTART|SA_SIGINFO
SIGQUIT: [libjvm.dylib+0x459121], sa_mask[0]=11111111011111110111111111111111, sa_flags=SA_RESTART|SA_SIGINFO


---------------  S Y S T E M  ---------------

OS:Bsduname:Darwin 13.4.0 Darwin Kernel Version 13.4.0: Wed Dec 17 19:05:52 PST 2014; root:xnu-2422.115.10~1/RELEASE_X86_64 x86_64
rlimit: STACK 8192k, CORE 0k, NPROC 709, NOFILE 10240, AS infinity
load average:3.20 3.07 2.81

CPU:total 2 (2 cores per cpu, 1 threads per core) family 6 model 23 stepping 10, cmov, cx8, fxsr, mmx, sse, sse2, sse3, ssse3, sse4.1, tsc

Memory: 4k page, physical 4194304k(20956k free)

/proc/meminfo:


vm_info: Java HotSpot(TM) 64-Bit Server VM (25.25-b02) for bsd-amd64 JRE (1.8.0_25-b17), built on Sep 17 2014 16:56:50 by "java_re" with gcc 4.2.1 (Based on Apple Inc. build 5658) (LLVM build 2336.11.00)

time: Sun Apr 12 10:14:47 2015
elapsed time: 50 seconds (0d 0h 0m 50s)

